2024-12-08 19:25:59,129 : ERROR : main :  : AppStateEntityFactory :  :  : Svg for workflow 'G:\My Drive\KNM_WS\Github\Analytics-Projects\KDD2009 Churn Data Project\Example Workflows\Basic Examples\CountIf and SumIf' could not be read
java.nio.file.NoSuchFileException: G:\My Drive\KNM_WS\Github\Analytics-Projects\KDD2009 Churn Data Project\Example Workflows\Basic Examples\CountIf and SumIf\workflow.svg
	at java.base/sun.nio.fs.WindowsException.translateToIOException(Unknown Source)
	at java.base/sun.nio.fs.WindowsException.rethrowAsIOException(Unknown Source)
	at java.base/sun.nio.fs.WindowsException.rethrowAsIOException(Unknown Source)
	at java.base/sun.nio.fs.WindowsFileSystemProvider.newByteChannel(Unknown Source)
	at java.base/java.nio.file.Files.newByteChannel(Unknown Source)
	at java.base/java.nio.file.Files.newByteChannel(Unknown Source)
	at java.base/java.nio.file.Files.readAllBytes(Unknown Source)
	at org.knime.ui.java.api.ProjectAPI.createExampleProjectJson(ProjectAPI.java:337)
	at org.knime.ui.java.api.ProjectAPI.lambda$8(ProjectAPI.java:328)
	at java.base/java.util.stream.ReferencePipeline$3$1.accept(Unknown Source)
	at java.base/java.util.stream.ReferencePipeline$2$1.accept(Unknown Source)
	at java.base/java.util.stream.ReferencePipeline$3$1.accept(Unknown Source)
	at java.base/java.util.AbstractList$RandomAccessSpliterator.forEachRemaining(Unknown Source)
	at java.base/java.util.stream.AbstractPipeline.copyInto(Unknown Source)
	at java.base/java.util.stream.AbstractPipeline.wrapAndCopyInto(Unknown Source)
	at java.base/java.util.stream.ReduceOps$ReduceOp.evaluateSequential(Unknown Source)
	at java.base/java.util.stream.AbstractPipeline.evaluate(Unknown Source)
	at java.base/java.util.stream.ReferencePipeline.collect(Unknown Source)
	at org.knime.ui.java.api.ProjectAPI.getExampleProjects(ProjectAPI.java:330)
	at java.base/jdk.internal.reflect.NativeMethodAccessorImpl.invoke0(Native Method)
	at java.base/jdk.internal.reflect.NativeMethodAccessorImpl.invoke(Unknown Source)
	at java.base/jdk.internal.reflect.DelegatingMethodAccessorImpl.invoke(Unknown Source)
	at java.base/java.lang.reflect.Method.invoke(Unknown Source)
	at org.knime.ui.java.api.DesktopAPI.invokeMethod(DesktopAPI.java:177)
	at org.knime.ui.java.api.DesktopAPI.lambda$1(DesktopAPI.java:147)
	at org.eclipse.swt.widgets.RunnableLock.run(RunnableLock.java:40)
	at org.eclipse.swt.widgets.Synchronizer.runAsyncMessages(Synchronizer.java:132)
	at org.eclipse.swt.widgets.Display.runAsyncMessages(Display.java:4047)
	at org.eclipse.swt.widgets.Display.readAndDispatch(Display.java:3663)
	at org.eclipse.e4.ui.internal.workbench.swt.PartRenderingEngine$5.run(PartRenderingEngine.java:1151)
	at org.eclipse.core.databinding.observable.Realm.runWithDefault(Realm.java:339)
	at org.eclipse.e4.ui.internal.workbench.swt.PartRenderingEngine.run(PartRenderingEngine.java:1042)
	at org.eclipse.e4.ui.internal.workbench.E4Workbench.createAndRunUI(E4Workbench.java:152)
	at org.eclipse.ui.internal.Workbench.lambda$3(Workbench.java:639)
	at org.eclipse.core.databinding.observable.Realm.runWithDefault(Realm.java:339)
	at org.eclipse.ui.internal.Workbench.createAndRunWorkbench(Workbench.java:546)
	at org.eclipse.ui.PlatformUI.createAndRunWorkbench(PlatformUI.java:173)
	at org.knime.product.rcp.KNIMEApplication.start(KNIMEApplication.java:211)
	at org.eclipse.equinox.internal.app.EclipseAppHandle.run(EclipseAppHandle.java:208)
	at org.eclipse.core.runtime.internal.adaptor.EclipseAppLauncher.runApplication(EclipseAppLauncher.java:143)
	at org.eclipse.core.runtime.internal.adaptor.EclipseAppLauncher.start(EclipseAppLauncher.java:109)
	at org.eclipse.core.runtime.adaptor.EclipseStarter.run(EclipseStarter.java:439)
	at org.eclipse.core.runtime.adaptor.EclipseStarter.run(EclipseStarter.java:271)
	at java.base/jdk.internal.reflect.NativeMethodAccessorImpl.invoke0(Native Method)
	at java.base/jdk.internal.reflect.NativeMethodAccessorImpl.invoke(Unknown Source)
	at java.base/jdk.internal.reflect.DelegatingMethodAccessorImpl.invoke(Unknown Source)
	at java.base/java.lang.reflect.Method.invoke(Unknown Source)
	at org.eclipse.equinox.launcher.Main.invokeFramework(Main.java:651)
	at org.eclipse.equinox.launcher.Main.basicRun(Main.java:588)
	at org.eclipse.equinox.launcher.Main.run(Main.java:1459)
2024-12-08 19:26:37,562 : WARN  : Node Repository Initializer :  : ColumnarPreferenceInitializer :  :  : Configured heap memory limit does not leave enough free memory for the columnar backend off-heap memory. Using 768Mb for the off-heap memory limit.
2024-12-08 19:47:38,042 : WARN  : comm-pool-thread-1 :  : Node : File Reader : 3:1 : Please specify a file
2024-12-08 19:49:55,110 : ERROR : KNIME-Worker-5-File Reader 3:1 :  : Node : File Reader : 3:1 : Execute failed: Row with ID 'Row12689' can't be converted to the configured data types. Increasing the number of scanned rows or changing the target types might resolve the issue. Content of row: [0, null, null, null, null, null, null, null, 24, null, null, 0, null, null, null, null, null, null, null, null, null, null, null, null, null, null, null, null, 0, 15, null, null, null, null, null, null, null, null, null, null, 28, null, null, null, null, null, 0, null, null, 0, null, null, 1.251315e+007, null, null, null, 2.440931, 0, null, null, null, 0, 0, 54607.59, null, 48, null, null, null, null, null, null, 4, null, null, null, 0, null, null, null, null, null, null, null, null, 448172, 7, null, null, 0, null, null, null, null, null, null, null, 0, null, 14, null, null, null, null, null, null, null, 0, null, 6, null, null, -1564256, null, null, 0, null, null, null, null, 0, null, null, null, null, -20, null, null, 8, null, 0, null, null, null, null, 285602, 0, null, null, null, null, 0, null, null, null, null, null, null, null, null, null, null, null, 793432, null, 84, null, null, null, null, null, null, null, null, null, null, null, 344.48, null, null, null, null, null, null, null, null, null, null, null, 1.199534e+007, null, null, null, null, null, 0, 8, null, null, null, null, ypNt0Go8Lb, RO12, null, taul, 1K8T, 7gSz, pro8v8X, fc7YXF9, null, null, cddR, 9_Y1, t_4G, VpdQ, null, me75fM6ugJ, kIsH, null, uKAI, Mtgm, NhsEn4L, null, null, eGzu, 7WwCtIM, zkSD, UYBR, FzaX, meWVy8V, oslk, DQ3u3MC, LM8l689qOp, null, null, Qu4f, RAYp, F2FyR07IdsN7I, null, null]
org.knime.filehandling.core.node.table.reader.type.mapping.MappingRuntimeException: Row with ID 'Row12689' can't be converted to the configured data types. Increasing the number of scanned rows or changing the target types might resolve the issue. Content of row: [0, null, null, null, null, null, null, null, 24, null, null, 0, null, null, null, null, null, null, null, null, null, null, null, null, null, null, null, null, 0, 15, null, null, null, null, null, null, null, null, null, null, 28, null, null, null, null, null, 0, null, null, 0, null, null, 1.251315e+007, null, null, null, 2.440931, 0, null, null, null, 0, 0, 54607.59, null, 48, null, null, null, null, null, null, 4, null, null, null, 0, null, null, null, null, null, null, null, null, 448172, 7, null, null, 0, null, null, null, null, null, null, null, 0, null, 14, null, null, null, null, null, null, null, 0, null, 6, null, null, -1564256, null, null, 0, null, null, null, null, 0, null, null, null, null, -20, null, null, 8, null, 0, null, null, null, null, 285602, 0, null, null, null, null, 0, null, null, null, null, null, null, null, null, null, null, null, 793432, null, 84, null, null, null, null, null, null, null, null, null, null, null, 344.48, null, null, null, null, null, null, null, null, null, null, null, 1.199534e+007, null, null, null, null, null, 0, 8, null, null, null, null, ypNt0Go8Lb, RO12, null, taul, 1K8T, 7gSz, pro8v8X, fc7YXF9, null, null, cddR, 9_Y1, t_4G, VpdQ, null, me75fM6ugJ, kIsH, null, uKAI, Mtgm, NhsEn4L, null, null, eGzu, 7WwCtIM, zkSD, UYBR, FzaX, meWVy8V, oslk, DQ3u3MC, LM8l689qOp, null, null, Qu4f, RAYp, F2FyR07IdsN7I, null, null]
	at org.knime.filehandling.core.node.table.reader.TypeMapperExceptionParser.parse(TypeMapperExceptionParser.java:84)
	at org.knime.filehandling.core.node.table.reader.DefaultStagedMultiTableRead$ParallelMultiTableRead.tryToParseException(DefaultStagedMultiTableRead.java:417)
	at org.knime.filehandling.core.node.table.reader.DefaultStagedMultiTableRead$ParallelMultiTableRead.readTable(DefaultStagedMultiTableRead.java:299)
	at org.knime.filehandling.core.node.table.reader.MultiTableReader.readTable(MultiTableReader.java:178)
	at org.knime.filehandling.core.node.table.reader.TableReaderNodeModel.execute(TableReaderNodeModel.java:160)
	at org.knime.core.node.NodeModel.executeModel(NodeModel.java:596)
	at org.knime.core.node.Node.invokeFullyNodeModelExecute(Node.java:1284)
	at org.knime.core.node.Node.execute(Node.java:1049)
	at org.knime.core.node.workflow.NativeNodeContainer.performExecuteNode(NativeNodeContainer.java:603)
	at org.knime.core.node.exec.LocalNodeExecutionJob.mainExecute(LocalNodeExecutionJob.java:98)
	at org.knime.core.node.workflow.NodeExecutionJob.internalRun(NodeExecutionJob.java:198)
	at org.knime.core.node.workflow.NodeExecutionJob.run(NodeExecutionJob.java:117)
	at org.knime.core.util.ThreadUtils$RunnableWithContextImpl.runWithContext(ThreadUtils.java:369)
	at org.knime.core.util.ThreadUtils$RunnableWithContext.run(ThreadUtils.java:223)
	at java.base/java.util.concurrent.Executors$RunnableAdapter.call(Unknown Source)
	at java.base/java.util.concurrent.FutureTask.run(Unknown Source)
	at org.knime.core.util.ThreadPool$MyFuture.run(ThreadPool.java:123)
	at org.knime.core.util.ThreadPool$Worker.run(ThreadPool.java:246)
Caused by: org.knime.filehandling.core.node.table.reader.type.mapping.TypeMapperException: java.lang.NumberFormatException: For input string: "1.251315e+007"
	at org.knime.filehandling.core.node.table.reader.type.mapping.DefaultTypeMapper.map(DefaultTypeMapper.java:107)
	at org.knime.filehandling.core.node.table.reader.DefaultIndividualTableReader.toRow(DefaultIndividualTableReader.java:108)
	at org.knime.filehandling.core.node.table.reader.DefaultIndividualTableReader.fillOutputWithProgress(DefaultIndividualTableReader.java:149)
	at org.knime.filehandling.core.node.table.reader.DefaultIndividualTableReader.fillOutput(DefaultIndividualTableReader.java:121)
	at org.knime.filehandling.core.node.table.reader.DefaultStagedMultiTableRead$ParallelMultiTableRead$TableChunkReader.readTableChunk(DefaultStagedMultiTableRead.java:406)
	at org.knime.filehandling.core.node.table.reader.DefaultStagedMultiTableRead$ParallelMultiTableRead.readTable(DefaultStagedMultiTableRead.java:297)
	... 15 more
Caused by: java.lang.NumberFormatException: For input string: "1.251315e+007"
	at java.base/java.lang.NumberFormatException.forInputString(Unknown Source)
	at java.base/java.lang.Integer.parseInt(Unknown Source)
	at java.base/java.lang.Integer.parseInt(Unknown Source)
	at org.knime.base.node.io.filehandling.csv.reader.api.IntegerParser.parseInt(IntegerParser.java:77)
	at org.knime.base.node.io.filehandling.csv.reader.api.StringReadAdapterFactory$StringToIntCellValueProducer.produceIntCellValue(StringReadAdapterFactory.java:184)
	at org.knime.base.node.io.filehandling.csv.reader.api.StringReadAdapterFactory$StringToIntCellValueProducer.produceIntCellValue(StringReadAdapterFactory.java:1)
	at org.knime.core.data.convert.map.IntCellValueProducer.produceCellValue(IntCellValueProducer.java:79)
	at org.knime.core.data.convert.map.IntCellValueProducer.produceCellValue(IntCellValueProducer.java:1)
	at org.knime.core.data.convert.map.DefaultDataRowProducer$ObjectMapper.map(DefaultDataRowProducer.java:428)
	at org.knime.core.data.convert.map.DefaultDataRowProducer.produceDataRow(DefaultDataRowProducer.java:283)
	at org.knime.filehandling.core.node.table.reader.type.mapping.DefaultTypeMapper.map(DefaultTypeMapper.java:105)
	... 20 more
2024-12-08 19:51:00,090 : ERROR : KNIME-Worker-6-File Reader 3:1 :  : Node : File Reader : 3:1 : Execute failed: Row with ID 'Row12689' can't be converted to the configured data types. Increasing the number of scanned rows or changing the target types might resolve the issue. Content of row: [0, null, null, null, null, null, null, null, 24, null, null, 0, null, null, null, null, null, null, null, null, null, null, null, null, null, null, null, null, 0, 15, null, null, null, null, null, null, null, null, null, null, 28, null, null, null, null, null, 0, null, null, 0, null, null, 1.251315e+007, null, null, null, 2.440931, 0, null, null, null, 0, 0, 54607.59, null, 48, null, null, null, null, null, null, 4, null, null, null, 0, null, null, null, null, null, null, null, null, 448172, 7, null, null, 0, null, null, null, null, null, null, null, 0, null, 14, null, null, null, null, null, null, null, 0, null, 6, null, null, -1564256, null, null, 0, null, null, null, null, 0, null, null, null, null, -20, null, null, 8, null, 0, null, null, null, null, 285602, 0, null, null, null, null, 0, null, null, null, null, null, null, null, null, null, null, null, 793432, null, 84, null, null, null, null, null, null, null, null, null, null, null, 344.48, null, null, null, null, null, null, null, null, null, null, null, 1.199534e+007, null, null, null, null, null, 0, 8, null, null, null, null, ypNt0Go8Lb, RO12, null, taul, 1K8T, 7gSz, pro8v8X, fc7YXF9, null, null, cddR, 9_Y1, t_4G, VpdQ, null, me75fM6ugJ, kIsH, null, uKAI, Mtgm, NhsEn4L, null, null, eGzu, 7WwCtIM, zkSD, UYBR, FzaX, meWVy8V, oslk, DQ3u3MC, LM8l689qOp, null, null, Qu4f, RAYp, F2FyR07IdsN7I, null, null]
org.knime.filehandling.core.node.table.reader.type.mapping.MappingRuntimeException: Row with ID 'Row12689' can't be converted to the configured data types. Increasing the number of scanned rows or changing the target types might resolve the issue. Content of row: [0, null, null, null, null, null, null, null, 24, null, null, 0, null, null, null, null, null, null, null, null, null, null, null, null, null, null, null, null, 0, 15, null, null, null, null, null, null, null, null, null, null, 28, null, null, null, null, null, 0, null, null, 0, null, null, 1.251315e+007, null, null, null, 2.440931, 0, null, null, null, 0, 0, 54607.59, null, 48, null, null, null, null, null, null, 4, null, null, null, 0, null, null, null, null, null, null, null, null, 448172, 7, null, null, 0, null, null, null, null, null, null, null, 0, null, 14, null, null, null, null, null, null, null, 0, null, 6, null, null, -1564256, null, null, 0, null, null, null, null, 0, null, null, null, null, -20, null, null, 8, null, 0, null, null, null, null, 285602, 0, null, null, null, null, 0, null, null, null, null, null, null, null, null, null, null, null, 793432, null, 84, null, null, null, null, null, null, null, null, null, null, null, 344.48, null, null, null, null, null, null, null, null, null, null, null, 1.199534e+007, null, null, null, null, null, 0, 8, null, null, null, null, ypNt0Go8Lb, RO12, null, taul, 1K8T, 7gSz, pro8v8X, fc7YXF9, null, null, cddR, 9_Y1, t_4G, VpdQ, null, me75fM6ugJ, kIsH, null, uKAI, Mtgm, NhsEn4L, null, null, eGzu, 7WwCtIM, zkSD, UYBR, FzaX, meWVy8V, oslk, DQ3u3MC, LM8l689qOp, null, null, Qu4f, RAYp, F2FyR07IdsN7I, null, null]
	at org.knime.filehandling.core.node.table.reader.TypeMapperExceptionParser.parse(TypeMapperExceptionParser.java:84)
	at org.knime.filehandling.core.node.table.reader.DefaultStagedMultiTableRead$ParallelMultiTableRead.tryToParseException(DefaultStagedMultiTableRead.java:417)
	at org.knime.filehandling.core.node.table.reader.DefaultStagedMultiTableRead$ParallelMultiTableRead.readTable(DefaultStagedMultiTableRead.java:299)
	at org.knime.filehandling.core.node.table.reader.MultiTableReader.readTable(MultiTableReader.java:178)
	at org.knime.filehandling.core.node.table.reader.TableReaderNodeModel.execute(TableReaderNodeModel.java:160)
	at org.knime.core.node.NodeModel.executeModel(NodeModel.java:596)
	at org.knime.core.node.Node.invokeFullyNodeModelExecute(Node.java:1284)
	at org.knime.core.node.Node.execute(Node.java:1049)
	at org.knime.core.node.workflow.NativeNodeContainer.performExecuteNode(NativeNodeContainer.java:603)
	at org.knime.core.node.exec.LocalNodeExecutionJob.mainExecute(LocalNodeExecutionJob.java:98)
	at org.knime.core.node.workflow.NodeExecutionJob.internalRun(NodeExecutionJob.java:198)
	at org.knime.core.node.workflow.NodeExecutionJob.run(NodeExecutionJob.java:117)
	at org.knime.core.util.ThreadUtils$RunnableWithContextImpl.runWithContext(ThreadUtils.java:369)
	at org.knime.core.util.ThreadUtils$RunnableWithContext.run(ThreadUtils.java:223)
	at java.base/java.util.concurrent.Executors$RunnableAdapter.call(Unknown Source)
	at java.base/java.util.concurrent.FutureTask.run(Unknown Source)
	at org.knime.core.util.ThreadPool$MyFuture.run(ThreadPool.java:123)
	at org.knime.core.util.ThreadPool$Worker.run(ThreadPool.java:246)
Caused by: org.knime.filehandling.core.node.table.reader.type.mapping.TypeMapperException: java.lang.NumberFormatException: For input string: "1.251315e+007"
	at org.knime.filehandling.core.node.table.reader.type.mapping.DefaultTypeMapper.map(DefaultTypeMapper.java:107)
	at org.knime.filehandling.core.node.table.reader.DefaultIndividualTableReader.toRow(DefaultIndividualTableReader.java:108)
	at org.knime.filehandling.core.node.table.reader.DefaultIndividualTableReader.fillOutputWithProgress(DefaultIndividualTableReader.java:149)
	at org.knime.filehandling.core.node.table.reader.DefaultIndividualTableReader.fillOutput(DefaultIndividualTableReader.java:121)
	at org.knime.filehandling.core.node.table.reader.DefaultStagedMultiTableRead$ParallelMultiTableRead$TableChunkReader.readTableChunk(DefaultStagedMultiTableRead.java:406)
	at org.knime.filehandling.core.node.table.reader.DefaultStagedMultiTableRead$ParallelMultiTableRead.readTable(DefaultStagedMultiTableRead.java:297)
	... 15 more
Caused by: java.lang.NumberFormatException: For input string: "1.251315e+007"
	at java.base/java.lang.NumberFormatException.forInputString(Unknown Source)
	at java.base/java.lang.Integer.parseInt(Unknown Source)
	at java.base/java.lang.Integer.parseInt(Unknown Source)
	at org.knime.base.node.io.filehandling.csv.reader.api.IntegerParser.parseInt(IntegerParser.java:77)
	at org.knime.base.node.io.filehandling.csv.reader.api.StringReadAdapterFactory$StringToIntCellValueProducer.produceIntCellValue(StringReadAdapterFactory.java:184)
	at org.knime.base.node.io.filehandling.csv.reader.api.StringReadAdapterFactory$StringToIntCellValueProducer.produceIntCellValue(StringReadAdapterFactory.java:1)
	at org.knime.core.data.convert.map.IntCellValueProducer.produceCellValue(IntCellValueProducer.java:79)
	at org.knime.core.data.convert.map.IntCellValueProducer.produceCellValue(IntCellValueProducer.java:1)
	at org.knime.core.data.convert.map.DefaultDataRowProducer$ObjectMapper.map(DefaultDataRowProducer.java:428)
	at org.knime.core.data.convert.map.DefaultDataRowProducer.produceDataRow(DefaultDataRowProducer.java:283)
	at org.knime.filehandling.core.node.table.reader.type.mapping.DefaultTypeMapper.map(DefaultTypeMapper.java:105)
	... 20 more
2024-12-08 20:10:53,353 : WARN  : comm-pool-thread-1 :  : Node : List Files/Folders : 3:2 : Please specify a folder
2024-12-08 20:16:36,967 : WARN  : comm-pool-thread-7 :  : Node : Path to String : 3:3 : Auto-guessed column to convert 'Path'
2024-12-08 20:22:13,247 : WARN  : comm-pool-thread-7 :  : Node : URL to File Path : 3:6 : Column "URL" is not available
2024-12-08 20:27:24,101 : ERROR : KNIME-Worker-13-File Reader 3:1 :  : Node : File Reader : 3:1 : Execute failed: The specified file ../orange_small_train_upselling.labels does not exist.
org.knime.core.node.InvalidSettingsException: The specified file ../orange_small_train_upselling.labels does not exist.
	at org.knime.core.node.util.CheckUtils.checkSetting(CheckUtils.java:273)
	at org.knime.core.node.util.CheckUtils.checkSetting(CheckUtils.java:223)
	at org.knime.filehandling.core.defaultnodesettings.filechooser.AbstractFileChooserPathAccessor.getRootPath(AbstractFileChooserPathAccessor.java:318)
	at org.knime.filehandling.core.defaultnodesettings.filechooser.AbstractFileChooserPathAccessor.getFSPaths(AbstractFileChooserPathAccessor.java:225)
	at org.knime.filehandling.core.node.table.reader.paths.PathSettings$1.getItems(PathSettings.java:105)
	at org.knime.filehandling.core.node.table.reader.TableReaderNodeModel.getPaths(TableReaderNodeModel.java:195)
	at org.knime.filehandling.core.node.table.reader.TableReaderNodeModel.execute(TableReaderNodeModel.java:158)
	at org.knime.core.node.NodeModel.executeModel(NodeModel.java:596)
	at org.knime.core.node.Node.invokeFullyNodeModelExecute(Node.java:1284)
	at org.knime.core.node.Node.execute(Node.java:1049)
	at org.knime.core.node.workflow.NativeNodeContainer.performExecuteNode(NativeNodeContainer.java:603)
	at org.knime.core.node.exec.LocalNodeExecutionJob.mainExecute(LocalNodeExecutionJob.java:98)
	at org.knime.core.node.workflow.NodeExecutionJob.internalRun(NodeExecutionJob.java:198)
	at org.knime.core.node.workflow.NodeExecutionJob.run(NodeExecutionJob.java:117)
	at org.knime.core.util.ThreadUtils$RunnableWithContextImpl.runWithContext(ThreadUtils.java:369)
	at org.knime.core.util.ThreadUtils$RunnableWithContext.run(ThreadUtils.java:223)
	at java.base/java.util.concurrent.Executors$RunnableAdapter.call(Unknown Source)
	at java.base/java.util.concurrent.FutureTask.run(Unknown Source)
	at org.knime.core.util.ThreadPool$MyFuture.run(ThreadPool.java:123)
	at org.knime.core.util.ThreadPool$Worker.run(ThreadPool.java:246)
2024-12-08 20:32:16,891 : WARN  : comm-pool-thread-7 :  : Node : Expression : 3:12 : The expression node has not yet been configured. Enter an expression.
2024-12-08 20:35:17,940 : WARN  : comm-pool-thread-15 :  : Node : Expression : 3:12 : Error in Expression 1: Multiple errors: Syntax error in expression at position 475: token recognition error at: '&'; Syntax error in expression at position 477: mismatched input '$[' expecting {'+', '-', '*', '/', '//', '**', '%', '<', '<=', '>', '>=', '=', '==', NOT_EQUAL, 'and', 'or', '??', ',', ')'}
2024-12-08 20:35:57,851 : WARN  : comm-pool-thread-7 :  : Node : Expression : 3:12 : Error in Expression 1: Multiple errors: Syntax error in expression at position 475: token recognition error at: '&'; Syntax error in expression at position 477: mismatched input '$[' expecting {'+', '-', '*', '/', '//', '**', '%', '<', '<=', '>', '>=', '=', '==', NOT_EQUAL, 'and', 'or', '??', ',', ')'}
2024-12-08 20:36:01,208 : WARN  : KNIME-Worker-19-Joiner 3:11 :  : Node : Expression : 3:12 : Error in Expression 1: Multiple errors: Syntax error in expression at position 475: token recognition error at: '&'; Syntax error in expression at position 477: mismatched input '$[' expecting {'+', '-', '*', '/', '//', '**', '%', '<', '<=', '>', '>=', '=', '==', NOT_EQUAL, 'and', 'or', '??', ',', ')'}
2024-12-08 20:44:59,206 : WARN  : KNIME-Worker-25-Joiner 3:15 :  : Node : Joiner : 3:15 : Node created an empty data table.
2024-12-08 20:46:09,648 : WARN  : ModalContext :  : AbstractColumnarContainerTable : Python Script : 3:4 : Creation of hard links not supported, will copy files instead (and suppress further warnings)
java.nio.file.FileSystemException: G:\My Drive\KNM_WS\Github\Analytics-Projects\KDD2009 Churn Data Project\wf_dimreduce\Python Script (#4)\port_1\data.zip -> C:\Users\NILOTP~1.CHO\AppData\Local\Temp\knime_wf_dimreduce_17128\knime_container_20241208_3174078776513567709.knable: The system cannot move the file to a different disk drive
	at java.base/sun.nio.fs.WindowsException.translateToIOException(Unknown Source)
	at java.base/sun.nio.fs.WindowsException.rethrowAsIOException(Unknown Source)
	at java.base/sun.nio.fs.WindowsFileSystemProvider.createLink(Unknown Source)
	at java.base/java.nio.file.Files.createLink(Unknown Source)
	at org.knime.core.data.columnar.table.AbstractColumnarContainerTable.hardLinkOrCopy(AbstractColumnarContainerTable.java:311)
	at org.knime.core.data.columnar.table.AbstractColumnarContainerTable.saveToFileOverwrite(AbstractColumnarContainerTable.java:168)
	at org.knime.core.data.columnar.table.UnsavedColumnarContainerTable.saveToFileOverwrite(UnsavedColumnarContainerTable.java:123)
	at org.knime.core.node.ExtensionTable.saveToFile(ExtensionTable.java:246)
	at org.knime.core.node.BufferedDataTable.save(BufferedDataTable.java:685)
	at org.knime.core.node.FileNodePersistor.saveBufferedDataTable(FileNodePersistor.java:1439)
	at org.knime.core.node.FileNodePersistor.savePort(FileNodePersistor.java:1344)
	at org.knime.core.node.FileNodePersistor.savePorts(FileNodePersistor.java:1248)
	at org.knime.core.node.FileNodePersistor.save(FileNodePersistor.java:1202)
	at org.knime.core.node.workflow.FileNativeNodeContainerPersistor.save(FileNativeNodeContainerPersistor.java:548)
	at org.knime.core.node.workflow.FileSingleNodeContainerPersistor.save(FileSingleNodeContainerPersistor.java:641)
	at org.knime.core.node.workflow.FileWorkflowPersistor.saveNodeContainer(FileWorkflowPersistor.java:2343)
	at org.knime.core.node.workflow.FileWorkflowPersistor.saveContent(FileWorkflowPersistor.java:2091)
	at org.knime.core.node.workflow.FileWorkflowPersistor.save(FileWorkflowPersistor.java:1982)
	at org.knime.core.node.workflow.WorkflowManager.save(WorkflowManager.java:9546)
	at org.knime.core.node.workflow.WorkflowManager.save(WorkflowManager.java:9495)
	at org.knime.ui.java.api.SaveProject.saveRegularWorkflow(SaveProject.java:179)
	at org.knime.ui.java.api.SaveProject.saveLocalProject(SaveProject.java:153)
	at org.knime.ui.java.api.SaveProject.saveProject(SaveProject.java:145)
	at org.knime.ui.java.api.SaveProject.lambda$0(SaveProject.java:128)
	at org.eclipse.jface.operation.ModalContext$ModalContextThread.run(ModalContext.java:124)
2024-12-08 20:47:38,611 : WARN  : comm-pool-thread-7 :  : Node : CSV Writer : 3:18 : Please specify a file
2024-12-08 20:49:38,132 : WARN  : comm-pool-thread-7 :  : Node : Nominal Value Row Filter : 3:23 : No nominal columns with possible values found. To make nominal columns usable by this node, their domain must be calculated.For columns with few values (less than 60) this is done automatically. For more values, use the Domain Calculator node or specify the possible values manually using the Edit Nominal Domain node.
2024-12-08 20:49:38,134 : WARN  : comm-pool-thread-7 :  : Node : Nominal Value Row Filter : 3:23 : No nominal columns with possible values found. To make nominal columns usable by this node, their domain must be calculated.For columns with few values (less than 60) this is done automatically. For more values, use the Domain Calculator node or specify the possible values manually using the Edit Nominal Domain node.
2024-12-08 20:49:56,296 : WARN  : main :  : Node : Nominal Value Row Filter : 3:23 : No nominal columns with possible values found. To make nominal columns usable by this node, their domain must be calculated.For columns with few values (less than 60) this is done automatically. For more values, use the Domain Calculator node or specify the possible values manually using the Edit Nominal Domain node.
2024-12-08 21:01:53,368 : WARN  : comm-pool-thread-20 :  : JsonRpcErrorResolver :  :  : An unexpected json rpc error occurred
java.lang.IllegalStateException: No rpc data service available
	at org.knime.core.webui.node.DataServiceManager.callRpcDataService(DataServiceManager.java:164)
	at org.knime.gateway.impl.webui.service.DefaultPortService.callPortDataService(DefaultPortService.java:172)
	at org.knime.gateway.impl.webui.jsonrpc.service.JsonRpcPortServiceWrapper.callPortDataService(JsonRpcPortServiceWrapper.java:85)
	at jdk.internal.reflect.GeneratedMethodAccessor176.invoke(Unknown Source)
	at java.base/jdk.internal.reflect.DelegatingMethodAccessorImpl.invoke(Unknown Source)
	at java.base/java.lang.reflect.Method.invoke(Unknown Source)
	at com.googlecode.jsonrpc4j.JsonRpcBasicServer.invoke(JsonRpcBasicServer.java:478)
	at com.googlecode.jsonrpc4j.JsonRpcBasicServer.handleObject(JsonRpcBasicServer.java:349)
	at com.googlecode.jsonrpc4j.JsonRpcBasicServer.handleJsonNodeRequest(JsonRpcBasicServer.java:274)
	at com.googlecode.jsonrpc4j.JsonRpcBasicServer.handleRequest(JsonRpcBasicServer.java:242)
	at org.knime.gateway.impl.jsonrpc.JsonRpcRequestHandler.handle(JsonRpcRequestHandler.java:104)
	at org.knime.ui.java.browser.lifecycle.Init.lambda$13(Init.java:294)
	at com.equo.comm.common.MessageHandler.processReceivedEventMessage(MessageHandler.java:131)
	at com.equo.comm.ee.provider.service.ChromiumService.receiveMessage(ChromiumService.java:98)
	at com.equo.comm.ee.provider.CommunicationManagerChromiumImpl.receiveMessage(CommunicationManagerChromiumImpl.java:48)
	at com.equo.chromium.swt.internal.spi.CommRouterHandler.handleRequest(CommRouterHandler.java:33)
	at com.equo.chromium.swt.internal.spi.CommRouterHandler.lambda$1(CommRouterHandler.java:51)
	at java.base/java.util.concurrent.ThreadPoolExecutor.runWorker(Unknown Source)
	at java.base/java.util.concurrent.ThreadPoolExecutor$Worker.run(Unknown Source)
	at java.base/java.lang.Thread.run(Unknown Source)
2024-12-08 21:01:53,447 : ERROR : main :  : KnimeBrowserView :  :  : %cerror%c RPC Client:: Error RPC request 
      background: #c0392b;
      border-radius: 0.5em;
      color: white;
      font-weight: bold;
      padding: 2px 0.5em;
      Error: No rpc data service available (source: http://org.knime.ui.java/assets/index-Bnh0E6L6.js; line: 87)
2024-12-08 21:01:53,460 : ERROR : main :  : KnimeBrowserView :  :  : %cerror%c Unhandled rejection:: 
      background: #c0392b;
      border-radius: 0.5em;
      color: white;
      font-weight: bold;
      padding: 2px 0.5em;
      [object Object] (source: http://org.knime.ui.java/assets/index-Bnh0E6L6.js; line: 87)
2024-12-08 21:01:53,470 : ERROR : main :  : KnimeBrowserView :  :  : Uncaught (in promise) Error: No rpc data service available (source: http://org.knime.ui.java/assets/index-Bnh0E6L6.js; line: 45)
2024-12-08 21:23:14,945 : WARN  : Node Repository Initializer :  : ColumnarPreferenceInitializer :  :  : Configured heap memory limit does not leave enough free memory for the columnar backend off-heap memory. Using 768Mb for the off-heap memory limit.
2024-12-08 21:23:39,811 : WARN  : ModalContext :  : AbstractColumnarContainerTable : Python Script : 3:4 : Creation of hard links not supported, will copy files instead (and suppress further warnings)
java.nio.file.FileSystemException: C:\Users\NILOTP~1.CHO\AppData\Local\Temp\knime_wf_dimreduce_17646\knime_container_20241208_13261275371703778856.knable -> G:\My Drive\KNM_WS\Github\Analytics-Projects\KDD2009 Churn Data Project\wf_dimreduce\Python Script (#4)\port_1\data.zip: The system cannot move the file to a different disk drive
	at java.base/sun.nio.fs.WindowsException.translateToIOException(Unknown Source)
	at java.base/sun.nio.fs.WindowsException.rethrowAsIOException(Unknown Source)
	at java.base/sun.nio.fs.WindowsFileSystemProvider.createLink(Unknown Source)
	at java.base/java.nio.file.Files.createLink(Unknown Source)
	at org.knime.core.data.columnar.table.AbstractColumnarContainerTable.hardLinkOrCopy(AbstractColumnarContainerTable.java:311)
	at org.knime.core.data.columnar.table.AbstractColumnarContainerTable.<init>(AbstractColumnarContainerTable.java:137)
	at org.knime.core.data.columnar.table.ColumnarContainerTableLoader$SavedColumnarContainerTable.<init>(ColumnarContainerTableLoader.java:97)
	at org.knime.core.data.columnar.table.ColumnarContainerTableLoader.load(ColumnarContainerTableLoader.java:65)
	at org.knime.core.node.ExtensionTableRegistry.loadExtensionTable(ExtensionTableRegistry.java:134)
	at org.knime.core.node.ExtensionTable.loadExtensionTable(ExtensionTable.java:308)
	at org.knime.core.node.BufferedDataTable.loadFromFile(BufferedDataTable.java:888)
	at org.knime.core.node.FileNodePersistor.loadBufferedDataTable(FileNodePersistor.java:478)
	at org.knime.core.node.FileNodePersistor.loadPort(FileNodePersistor.java:367)
	at org.knime.core.node.FileNodePersistor.loadPorts(FileNodePersistor.java:331)
	at org.knime.core.node.FileNodePersistor.load(FileNodePersistor.java:996)
	at org.knime.core.node.workflow.FileNativeNodeContainerPersistor.loadNCAndModelSettings(FileNativeNodeContainerPersistor.java:281)
	at org.knime.core.node.workflow.FileSingleNodeContainerPersistor.loadNodeContainer(FileSingleNodeContainerPersistor.java:265)
	at org.knime.core.node.workflow.WorkflowManager.postLoad(WorkflowManager.java:8993)
	at org.knime.core.node.workflow.WorkflowManager.loadContent(WorkflowManager.java:8895)
	at org.knime.core.node.workflow.WorkflowManager.postLoad(WorkflowManager.java:9009)
	at org.knime.core.node.workflow.WorkflowManager.loadContent(WorkflowManager.java:8895)
	at org.knime.core.node.workflow.WorkflowManager.load(WorkflowManager.java:8759)
	at org.knime.core.node.workflow.WorkflowManager.load(WorkflowManager.java:8680)
	at org.knime.core.node.workflow.WorkflowManager.load(WorkflowManager.java:8653)
	at org.knime.core.node.workflow.WorkflowManager.loadProject(WorkflowManager.java:8499)
	at org.knime.workbench.editor2.LoadWorkflowRunnable.run(LoadWorkflowRunnable.java:199)
	at org.knime.ui.java.util.DesktopAPUtil.loadWorkflow(DesktopAPUtil.java:185)
	at org.knime.ui.java.util.DesktopAPUtil.fetchAndLoadWorkflowWithTask(DesktopAPUtil.java:149)
	at org.knime.ui.java.api.OpenProject.loadProject(OpenProject.java:260)
	at org.knime.ui.java.api.OpenProject.openProjectWithProgress(OpenProject.java:187)
	at org.knime.ui.java.api.OpenProject.lambda$0(OpenProject.java:106)
	at org.knime.ui.java.util.DesktopAPUtil.lambda$13(DesktopAPUtil.java:474)
	at org.eclipse.jface.operation.ModalContext$ModalContextThread.run(ModalContext.java:124)
2024-12-08 21:33:57,636 : WARN  : comm-pool-thread-3 :  : Node : AttributeSelectedClassifier (3.7) : 3:37 : No target column specified. Target column was set to class-label
2024-12-08 21:35:43,757 : ERROR : main :  : KnimeBrowserView :  :  : %cerror%c Error captured hook ::  
      background: #c0392b;
      border-radius: 0.5em;
      color: white;
      font-weight: bold;
      padding: 2px 0.5em;
      [object Object] (source: http://org.knime.ui.java/assets/index-Bnh0E6L6.js; line: 87)
2024-12-08 21:36:33,018 : ERROR : main :  : KnimeBrowserView :  :  : %cerror%c Error captured hook ::  
      background: #c0392b;
      border-radius: 0.5em;
      color: white;
      font-weight: bold;
      padding: 2px 0.5em;
      [object Object] (source: http://org.knime.ui.java/assets/index-Bnh0E6L6.js; line: 87)
2024-12-08 21:37:11,343 : ERROR : KNIME-Worker-5-AttributeSelectedClassifier (3.7) 3:37 :  : Node : AttributeSelectedClassifier (3.7) : 3:37 : Execute failed: Weka classifier cannot work with given data. Reason: weka.attributeSelection.CorrelationAttributeEval: Cannot handle string attributes!
java.lang.Exception: Weka classifier cannot work with given data. Reason: weka.attributeSelection.CorrelationAttributeEval: Cannot handle string attributes!
	at org.knime.ext.weka37.classifier.WekaClassifierNodeModel.execute(WekaClassifierNodeModel.java:240)
	at org.knime.core.node.NodeModel.executeModel(NodeModel.java:596)
	at org.knime.core.node.Node.invokeFullyNodeModelExecute(Node.java:1284)
	at org.knime.core.node.Node.execute(Node.java:1049)
	at org.knime.core.node.workflow.NativeNodeContainer.performExecuteNode(NativeNodeContainer.java:603)
	at org.knime.core.node.exec.LocalNodeExecutionJob.mainExecute(LocalNodeExecutionJob.java:98)
	at org.knime.core.node.workflow.NodeExecutionJob.internalRun(NodeExecutionJob.java:198)
	at org.knime.core.node.workflow.NodeExecutionJob.run(NodeExecutionJob.java:117)
	at org.knime.core.util.ThreadUtils$RunnableWithContextImpl.runWithContext(ThreadUtils.java:369)
	at org.knime.core.util.ThreadUtils$RunnableWithContext.run(ThreadUtils.java:223)
	at java.base/java.util.concurrent.Executors$RunnableAdapter.call(Unknown Source)
	at java.base/java.util.concurrent.FutureTask.run(Unknown Source)
	at org.knime.core.util.ThreadPool$MyFuture.run(ThreadPool.java:123)
	at org.knime.core.util.ThreadPool$Worker.run(ThreadPool.java:246)
2024-12-08 21:38:55,047 : ERROR : main :  : KnimeBrowserView :  :  : %cerror%c Error captured hook ::  
      background: #c0392b;
      border-radius: 0.5em;
      color: white;
      font-weight: bold;
      padding: 2px 0.5em;
      [object Object] (source: http://org.knime.ui.java/assets/index-Bnh0E6L6.js; line: 87)
2024-12-08 21:41:08,717 : ERROR : main :  : KnimeBrowserView :  :  : %cerror%c Error captured hook ::  
      background: #c0392b;
      border-radius: 0.5em;
      color: white;
      font-weight: bold;
      padding: 2px 0.5em;
      [object Object] (source: http://org.knime.ui.java/assets/index-Bnh0E6L6.js; line: 87)
2024-12-08 21:41:57,223 : ERROR : KNIME-Worker-9-AttributeSelectedClassifier (3.7) 3:40 :  : Node : AttributeSelectedClassifier (3.7) : 3:40 : Execute failed: Exception in Weka during training. Please verify your settings. weka.attributeSelection.ClassifierSubsetEval must use a search method other than Ranker
org.knime.core.node.InvalidSettingsException: Exception in Weka during training. Please verify your settings. weka.attributeSelection.ClassifierSubsetEval must use a search method other than Ranker
	at org.knime.ext.weka37.classifier.WekaClassifierNodeModel.execute(WekaClassifierNodeModel.java:285)
	at org.knime.core.node.NodeModel.executeModel(NodeModel.java:596)
	at org.knime.core.node.Node.invokeFullyNodeModelExecute(Node.java:1284)
	at org.knime.core.node.Node.execute(Node.java:1049)
	at org.knime.core.node.workflow.NativeNodeContainer.performExecuteNode(NativeNodeContainer.java:603)
	at org.knime.core.node.exec.LocalNodeExecutionJob.mainExecute(LocalNodeExecutionJob.java:98)
	at org.knime.core.node.workflow.NodeExecutionJob.internalRun(NodeExecutionJob.java:198)
	at org.knime.core.node.workflow.NodeExecutionJob.run(NodeExecutionJob.java:117)
	at org.knime.core.util.ThreadUtils$RunnableWithContextImpl.runWithContext(ThreadUtils.java:369)
	at org.knime.core.util.ThreadUtils$RunnableWithContext.run(ThreadUtils.java:223)
	at java.base/java.util.concurrent.Executors$RunnableAdapter.call(Unknown Source)
	at java.base/java.util.concurrent.FutureTask.run(Unknown Source)
	at org.knime.core.util.ThreadPool$MyFuture.run(ThreadPool.java:123)
	at org.knime.core.util.ThreadPool$Worker.run(ThreadPool.java:246)
Caused by: java.lang.Exception: weka.attributeSelection.ClassifierSubsetEval must use a search method other than Ranker
	at weka.attributeSelection.AttributeSelection.SelectAttributes(AttributeSelection.java:567)
	at weka.classifiers.meta.AttributeSelectedClassifier.buildClassifier(AttributeSelectedClassifier.java:505)
	at org.knime.ext.weka37.utils.WekaClassifierCreationTask.run(WekaClassifierCreationTask.java:124)
2024-12-08 21:51:46,423 : ERROR : KNIME-Worker-12-AttributeSelectedClassifier (3.7) 3:40 :  : Node : AttributeSelectedClassifier (3.7) : 3:40 : Execute failed: Weka classifier cannot work with given data. Reason: weka.attributeSelection.InfoGainAttributeEval: Cannot handle string attributes!
java.lang.Exception: Weka classifier cannot work with given data. Reason: weka.attributeSelection.InfoGainAttributeEval: Cannot handle string attributes!
	at org.knime.ext.weka37.classifier.WekaClassifierNodeModel.execute(WekaClassifierNodeModel.java:240)
	at org.knime.core.node.NodeModel.executeModel(NodeModel.java:596)
	at org.knime.core.node.Node.invokeFullyNodeModelExecute(Node.java:1284)
	at org.knime.core.node.Node.execute(Node.java:1049)
	at org.knime.core.node.workflow.NativeNodeContainer.performExecuteNode(NativeNodeContainer.java:603)
	at org.knime.core.node.exec.LocalNodeExecutionJob.mainExecute(LocalNodeExecutionJob.java:98)
	at org.knime.core.node.workflow.NodeExecutionJob.internalRun(NodeExecutionJob.java:198)
	at org.knime.core.node.workflow.NodeExecutionJob.run(NodeExecutionJob.java:117)
	at org.knime.core.util.ThreadUtils$RunnableWithContextImpl.runWithContext(ThreadUtils.java:369)
	at org.knime.core.util.ThreadUtils$RunnableWithContext.run(ThreadUtils.java:223)
	at java.base/java.util.concurrent.Executors$RunnableAdapter.call(Unknown Source)
	at java.base/java.util.concurrent.FutureTask.run(Unknown Source)
	at org.knime.core.util.ThreadPool$MyFuture.run(ThreadPool.java:123)
	at org.knime.core.util.ThreadPool$Worker.run(ThreadPool.java:246)
2024-12-08 21:53:38,892 : ERROR : main :  : KnimeBrowserView :  :  : %cerror%c Error captured hook ::  
      background: #c0392b;
      border-radius: 0.5em;
      color: white;
      font-weight: bold;
      padding: 2px 0.5em;
      [object Object] (source: http://org.knime.ui.java/assets/index-Bnh0E6L6.js; line: 87)
2024-12-08 21:53:40,635 : ERROR : KNIME-Worker-13-AttributeSelectedClassifier (3.7) 3:40 :  : Node : AttributeSelectedClassifier (3.7) : 3:40 : Execute failed: Exception in Weka during training. Please verify your settings. weka.attributeSelection.ClassifierSubsetEval must use a search method other than Ranker
org.knime.core.node.InvalidSettingsException: Exception in Weka during training. Please verify your settings. weka.attributeSelection.ClassifierSubsetEval must use a search method other than Ranker
	at org.knime.ext.weka37.classifier.WekaClassifierNodeModel.execute(WekaClassifierNodeModel.java:285)
	at org.knime.core.node.NodeModel.executeModel(NodeModel.java:596)
	at org.knime.core.node.Node.invokeFullyNodeModelExecute(Node.java:1284)
	at org.knime.core.node.Node.execute(Node.java:1049)
	at org.knime.core.node.workflow.NativeNodeContainer.performExecuteNode(NativeNodeContainer.java:603)
	at org.knime.core.node.exec.LocalNodeExecutionJob.mainExecute(LocalNodeExecutionJob.java:98)
	at org.knime.core.node.workflow.NodeExecutionJob.internalRun(NodeExecutionJob.java:198)
	at org.knime.core.node.workflow.NodeExecutionJob.run(NodeExecutionJob.java:117)
	at org.knime.core.util.ThreadUtils$RunnableWithContextImpl.runWithContext(ThreadUtils.java:369)
	at org.knime.core.util.ThreadUtils$RunnableWithContext.run(ThreadUtils.java:223)
	at java.base/java.util.concurrent.Executors$RunnableAdapter.call(Unknown Source)
	at java.base/java.util.concurrent.FutureTask.run(Unknown Source)
	at org.knime.core.util.ThreadPool$MyFuture.run(ThreadPool.java:123)
	at org.knime.core.util.ThreadPool$Worker.run(ThreadPool.java:246)
Caused by: java.lang.Exception: weka.attributeSelection.ClassifierSubsetEval must use a search method other than Ranker
	at weka.attributeSelection.AttributeSelection.SelectAttributes(AttributeSelection.java:567)
	at weka.classifiers.meta.AttributeSelectedClassifier.buildClassifier(AttributeSelectedClassifier.java:505)
	at org.knime.ext.weka37.utils.WekaClassifierCreationTask.run(WekaClassifierCreationTask.java:124)
2024-12-08 22:13:00,025 : WARN  : comm-pool-thread-3 :  : Node : Expression Row Filter : 3:41 : The expression node has not yet been configured. Enter an expression.
2024-12-08 22:13:24,761 : WARN  : comm-pool-thread-5 :  : Node : GroupBy : 3:42 : No grouping column included. Aggregate complete table.
2024-12-08 22:13:24,762 : WARN  : comm-pool-thread-5 :  : Node : GroupBy : 3:42 : No aggregation column defined
2024-12-08 22:13:25,234 : WARN  : comm-pool-thread-5 :  : Node : GroupBy : 3:42 : Please select at least one group or aggregation column
2024-12-08 22:13:56,799 : WARN  : main :  : Node : GroupBy : 3:42 : No grouping column included. Aggregate complete table.
2024-12-08 22:13:56,802 : WARN  : main :  : Node : Expression Row Filter : 3:41 : The expression node has not yet been configured. Enter an expression.
2024-12-08 22:13:58,976 : WARN  : KNIME-Worker-16-GroupBy 3:42 :  : Node : GroupBy : 3:42 : Skipped group(s): Var217 cause: "Group contains too many unique values"
2024-12-08 22:13:58,978 : WARN  : KNIME-Worker-16-GroupBy 3:42 :  : Node : Expression Row Filter : 3:41 : The expression node has not yet been configured. Enter an expression.
2024-12-08 22:14:13,573 : WARN  : main :  : Node : GroupBy : 3:42 : No grouping column included. Aggregate complete table.
2024-12-08 22:14:13,574 : WARN  : main :  : Node : Expression Row Filter : 3:41 : The expression node has not yet been configured. Enter an expression.
2024-12-08 22:14:21,715 : WARN  : KNIME-Worker-17-GroupBy 3:42 :  : Node : GroupBy : 3:42 : Skipped group(s): Var217 cause: "Group contains too many unique values"
2024-12-08 22:14:21,716 : WARN  : KNIME-Worker-17-GroupBy 3:42 :  : Node : Expression Row Filter : 3:41 : The expression node has not yet been configured. Enter an expression.
2024-12-08 22:14:49,333 : WARN  : main :  : Node : GroupBy : 3:42 : No grouping column included. Aggregate complete table.
2024-12-08 22:14:49,335 : WARN  : main :  : Node : Expression Row Filter : 3:41 : The expression node has not yet been configured. Enter an expression.
2024-12-08 22:14:50,806 : WARN  : main :  : Node : GroupBy : 3:42 : No grouping column included. Aggregate complete table.
2024-12-08 22:14:50,808 : WARN  : main :  : Node : Expression Row Filter : 3:41 : The expression node has not yet been configured. Enter an expression.
2024-12-08 22:14:52,959 : WARN  : KNIME-Worker-16-GroupBy 3:42 :  : Node : Expression Row Filter : 3:41 : The expression node has not yet been configured. Enter an expression.
2024-12-08 22:15:20,828 : WARN  : KNIME-Worker-17-Table Transposer 3:43 :  : Node : Expression Row Filter : 3:41 : The expression node has not yet been configured. Enter an expression.
2024-12-08 22:17:13,308 : ERROR : main :  : KnimeBrowserView :  :  : %cerror%c Error captured hook ::  
      background: #c0392b;
      border-radius: 0.5em;
      color: white;
      font-weight: bold;
      padding: 2px 0.5em;
      [object Object] (source: http://org.knime.ui.java/assets/index-Bnh0E6L6.js; line: 87)
2024-12-08 22:17:30,749 : WARN  : comm-pool-thread-5 :  : Node : AttributeSelectedClassifier (3.7) : 3:44 : Target column class-label not found in DataTableSpec.
2024-12-08 22:39:52,948 : WARN  : comm-pool-thread-10 :  : Node : AttributeSelectedClassifier (3.7) : 3:44 : Target column Row0 not found in DataTableSpec.
